Аркуш 'Денне' 
 ---
Відсутня тема. Керівник: доц. Вечур О.В. Студент: Корецький Тимур Валерійович, ПЗПІ-21-2
Відсутня тема. Керівник: Голян Н.В. Студент: Марініч Ксенія Юріївна, ПЗПІ-21-5
Відсутня тема. Керівник: ст.викл. Зибіна К.В. Студент: Бобрик Максим Янович, ПЗПІ-21-2
Відсутня тема. Керівник: ст.викл. Зибіна К.В. Студент: Федоренко Володимир Олександрович, ПЗПІ-21-2
Відсутня тема. Керівник: ст.викл. Зибіна К.В. Студент: Пашньова Анастасія Костянтинівна, ПЗПІ-21-2
Відсутня тема. Керівник: доц. Мар'їн С.О. Студент: Серік Іван Олексійович, ПЗПІ-21-9
Відсутня тема. Керівник: доц. Мар'їн С.О. Студент: Харченко Олексій Миколайович, ПЗПІ-21-9
Відсутня тема. Керівник: доц. Мар'їн С.О. Студент: Черняк Андрій Андрійович, ПЗПІ-21-9
Відсутня тема. Керівник: ст.викл. Саманцов О.О. Студент: Голубничий Іван Ігорович, ПЗПІ-21-11
Відсутня тема. Керівник: ст.викл. Саманцов О.О. Студент: Заікін Володимир Денисович, ПЗПІ-21-7

Аркуш 'Рейтинг' 
 ---
No rating. Артушевський Герман Володимирович, ПЗПІ-21-8
No rating. Ричко Олексій Сергійович, ПЗПІ-21-1
No rating. Вольников Кирило Сергійович, ПЗПІ-21-2
No rating. Юрковський Нікіта Юрійович, ПЗПІ-21-10
No rating. Карасьов Михайло Анатолійович, ПЗПІ-21-10

Distribution' 
 ---
No accepteble slot for:
prep: ст.викл. Новіков Ю.С.  studs:Крашаниця Євген Сергійович, Юрковський Нікіта Юрійович, Карасьов Михайло Анатолійович, Чумаков Дмитро Валентинович, Ханьжин Микита Андрійович 
 rating: 50.00 desired: (np.float64(1.0), datetime.date(2025, 6, 17)) real: n/a 
